[{"line":2,"elements":[{"start_timestamp":"2022-12-04T20:31:42.773Z","line":15,"name":"Kullanici negative bilgiler gonderdiginde siteye giris yapilamaz","description":"","id":"us-0106-automation-negative-giris-testi;kullanici-negative-bilgiler-gonderdiginde-siteye-giris-yapilamaz;;2","type":"scenario","keyword":"Scenario Outline","steps":[{"result":{"duration":4706477000,"status":"passed"},"line":6,"name":"Kullanici \"myAutomationUrl\" sayfasina gider","match":{"arguments":[{"val":"\"myAutomationUrl\"","offset":10}],"location":"stepDefinitions.AutomationExerciseStepDefinitions.kullanici_sayfasina_gider(java.lang.String)"},"keyword":"Given "},{"result":{"duration":2434260400,"status":"passed"},"line":7,"name":"Kullanici Signup butonuna tiklar","match":{"location":"stepDefinitions.AutomationExerciseStepDefinitions.kullanici_signup_butonuna_tiklar()"},"keyword":"Then "},{"result":{"duration":79818900,"status":"passed"},"line":8,"name":"Kullanici mail kutusuna \"automationnegativeMail\" girer","match":{"arguments":[{"val":"\"automationnegativeMail\"","offset":24}],"location":"stepDefinitions.AutomationExerciseStepDefinitions.kullanici_mail_kutusuna_girer(java.lang.String)"},"keyword":"Then "},{"result":{"duration":41185700,"status":"passed"},"line":9,"name":"Kullanici password kutusuna \"automationPassword\" girer","match":{"arguments":[{"val":"\"automationPassword\"","offset":28}],"location":"stepDefinitions.AutomationExerciseStepDefinitions.kullanici_password_kutusuna_girer(java.lang.String)"},"keyword":"Then "},{"result":{"duration":1187864300,"status":"passed"},"line":10,"name":"Kullanici login butonuna tiklar","match":{"location":"stepDefinitions.AutomationExerciseStepDefinitions.kullanici_login_butonuna_tiklar()"},"keyword":"Then "},{"result":{"duration":16039479300,"status":"passed"},"line":11,"name":"Kullanici sayfaya giris yapilamadigini test eder","match":{"location":"stepDefinitions.AutomationExerciseStepDefinitions.kullaniciSayfayaGirisYapilamadiginiTestEder()"},"keyword":"Then "},{"result":{"duration":16081016200,"status":"passed"},"line":12,"name":"Sayfayi kapatir","match":{"location":"stepDefinitions.QualityDemyStepDefinitions.sayfayi_kapatir()"},"keyword":"And "}],"tags":[{"name":"@wip"}]},{"start_timestamp":"2022-12-04T20:32:23.386Z","line":16,"name":"Kullanici negative bilgiler gonderdiginde siteye giris yapilamaz","description":"","id":"us-0106-automation-negative-giris-testi;kullanici-negative-bilgiler-gonderdiginde-siteye-giris-yapilamaz;;3","type":"scenario","keyword":"Scenario Outline","steps":[{"result":{"duration":3505946400,"status":"passed"},"line":6,"name":"Kullanici \"myAutomationUrl\" sayfasina gider","match":{"arguments":[{"val":"\"myAutomationUrl\"","offset":10}],"location":"stepDefinitions.AutomationExerciseStepDefinitions.kullanici_sayfasina_gider(java.lang.String)"},"keyword":"Given "},{"result":{"duration":1224250200,"status":"passed"},"line":7,"name":"Kullanici Signup butonuna tiklar","match":{"location":"stepDefinitions.AutomationExerciseStepDefinitions.kullanici_signup_butonuna_tiklar()"},"keyword":"Then "},{"result":{"duration":140932100,"status":"passed"},"line":8,"name":"Kullanici mail kutusuna \"automationnegativeMail1\" girer","match":{"arguments":[{"val":"\"automationnegativeMail1\"","offset":24}],"location":"stepDefinitions.AutomationExerciseStepDefinitions.kullanici_mail_kutusuna_girer(java.lang.String)"},"keyword":"Then "},{"result":{"duration":42924900,"status":"passed"},"line":9,"name":"Kullanici password kutusuna \"automationPassword1\" girer","match":{"arguments":[{"val":"\"automationPassword1\"","offset":28}],"location":"stepDefinitions.AutomationExerciseStepDefinitions.kullanici_password_kutusuna_girer(java.lang.String)"},"keyword":"Then "},{"result":{"duration":1154736200,"status":"passed"},"line":10,"name":"Kullanici login butonuna tiklar","match":{"location":"stepDefinitions.AutomationExerciseStepDefinitions.kullanici_login_butonuna_tiklar()"},"keyword":"Then "},{"result":{"duration":16021583700,"status":"passed"},"line":11,"name":"Kullanici sayfaya giris yapilamadigini test eder","match":{"location":"stepDefinitions.AutomationExerciseStepDefinitions.kullaniciSayfayaGirisYapilamadiginiTestEder()"},"keyword":"Then "},{"result":{"error_message":"io.cucumber.core.exception.CucumberException: Failed to instantiate class stepDefinitions.QualityDemyStepDefinitions\r\n\tat io.cucumber.core.backend.DefaultObjectFactory.cacheNewInstance(DefaultObjectFactory.java:67)\r\n\tat io.cucumber.core.backend.DefaultObjectFactory.getInstance(DefaultObjectFactory.java:45)\r\n\tat io.cucumber.java.AbstractGlueDefinition.invokeMethod(AbstractGlueDefinition.java:47)\r\n\tat io.cucumber.java.JavaStepDefinition.execute(JavaStepDefinition.java:29)\r\n\tat io.cucumber.core.runner.CoreStepDefinition.execute(CoreStepDefinition.java:66)\r\n\tat io.cucumber.core.runner.PickleStepDefinitionMatch.runStep(PickleStepDefinitionMatch.java:63)\r\n\tat io.cucumber.core.runner.ExecutionMode$1.execute(ExecutionMode.java:10)\r\n\tat io.cucumber.core.runner.TestStep.executeStep(TestStep.java:85)\r\n\tat io.cucumber.core.runner.TestStep.run(TestStep.java:57)\r\n\tat io.cucumber.core.runner.PickleStepTestStep.run(PickleStepTestStep.java:51)\r\n\tat io.cucumber.core.runner.TestCase.run(TestCase.java:84)\r\n\tat io.cucumber.core.runner.Runner.runPickle(Runner.java:75)\r\n\tat io.cucumber.junit.PickleRunners$NoStepDescriptions.lambda$run$0(PickleRunners.java:151)\r\n\tat io.cucumber.core.runtime.CucumberExecutionContext.lambda$runTestCase$5(CucumberExecutionContext.java:129)\r\n\tat io.cucumber.core.runtime.RethrowingThrowableCollector.executeAndThrow(RethrowingThrowableCollector.java:23)\r\n\tat io.cucumber.core.runtime.CucumberExecutionContext.runTestCase(CucumberExecutionContext.java:129)\r\n\tat io.cucumber.junit.PickleRunners$NoStepDescriptions.run(PickleRunners.java:148)\r\n\tat io.cucumber.junit.FeatureRunner.runChild(FeatureRunner.java:144)\r\n\tat io.cucumber.junit.FeatureRunner.runChild(FeatureRunner.java:28)\r\n\tat org.junit.runners.ParentRunner$4.run(ParentRunner.java:331)\r\n\tat org.junit.runners.ParentRunner$1.schedule(ParentRunner.java:79)\r\n\tat org.junit.runners.ParentRunner.runChildren(ParentRunner.java:329)\r\n\tat org.junit.runners.ParentRunner.access$100(ParentRunner.java:66)\r\n\tat org.junit.runners.ParentRunner$2.evaluate(ParentRunner.java:293)\r\n\tat org.junit.runners.ParentRunner$3.evaluate(ParentRunner.java:306)\r\n\tat org.junit.runners.ParentRunner.run(ParentRunner.java:413)\r\n\tat io.cucumber.junit.FeatureRunner.run(FeatureRunner.java:137)\r\n\tat io.cucumber.junit.Cucumber.runChild(Cucumber.java:196)\r\n\tat io.cucumber.junit.Cucumber.runChild(Cucumber.java:89)\r\n\tat org.junit.runners.ParentRunner$4.run(ParentRunner.java:331)\r\n\tat org.junit.runners.ParentRunner$1.schedule(ParentRunner.java:79)\r\n\tat org.junit.runners.ParentRunner.runChildren(ParentRunner.java:329)\r\n\tat org.junit.runners.ParentRunner.access$100(ParentRunner.java:66)\r\n\tat org.junit.runners.ParentRunner$2.evaluate(ParentRunner.java:293)\r\n\tat io.cucumber.junit.Cucumber$RunBeforeAllHooks.evaluate(Cucumber.java:266)\r\n\tat io.cucumber.junit.Cucumber$RunAfterAllHooks.evaluate(Cucumber.java:281)\r\n\tat io.cucumber.junit.Cucumber$StartTestRun.evaluate(Cucumber.java:233)\r\n\tat io.cucumber.junit.Cucumber$FinishTestRun.evaluate(Cucumber.java:248)\r\n\tat org.junit.runners.ParentRunner$3.evaluate(ParentRunner.java:306)\r\n\tat org.junit.runners.ParentRunner.run(ParentRunner.java:413)\r\n\tat org.junit.runner.JUnitCore.run(JUnitCore.java:137)\r\n\tat com.intellij.junit4.JUnit4IdeaTestRunner.startRunnerWithArgs(JUnit4IdeaTestRunner.java:69)\r\n\tat com.intellij.rt.junit.IdeaTestRunner$Repeater$1.execute(IdeaTestRunner.java:38)\r\n\tat com.intellij.rt.execution.junit.TestsRepeater.repeat(TestsRepeater.java:11)\r\n\tat com.intellij.rt.junit.IdeaTestRunner$Repeater.startRunnerWithArgs(IdeaTestRunner.java:35)\r\n\tat com.intellij.rt.junit.JUnitStarter.prepareStreamsAndStart(JUnitStarter.java:235)\r\n\tat com.intellij.rt.junit.JUnitStarter.main(JUnitStarter.java:54)\r\nCaused by: java.lang.reflect.InvocationTargetException\r\n\tat java.base/jdk.internal.reflect.NativeConstructorAccessorImpl.newInstance0(Native Method)\r\n\tat java.base/jdk.internal.reflect.NativeConstructorAccessorImpl.newInstance(NativeConstructorAccessorImpl.java:62)\r\n\tat java.base/jdk.internal.reflect.DelegatingConstructorAccessorImpl.newInstance(DelegatingConstructorAccessorImpl.java:45)\r\n\tat java.base/java.lang.reflect.Constructor.newInstance(Constructor.java:490)\r\n\tat io.cucumber.core.backend.DefaultObjectFactory.cacheNewInstance(DefaultObjectFactory.java:53)\r\n\t... 46 more\r\nCaused by: org.openqa.selenium.WebDriverException: unknown error: failed to change window state to 'normal', current state is 'maximized'\n  (Session info: chrome=108.0.5359.73)\nBuild info: version: '4.5.0', revision: 'fe167b119a'\nSystem info: os.name: 'Windows 11', os.arch: 'amd64', os.version: '10.0', java.version: '11.0.17'\nDriver info: org.openqa.selenium.chrome.ChromeDriver\nCommand: [878bdcb965d8c3793f1d4dec4d89c80a, maximizeCurrentWindow {}]\nCapabilities {acceptInsecureCerts: false, browserName: chrome, browserVersion: 108.0.5359.73, chrome: {chromedriverVersion: 108.0.5359.71 (1e0e3868ee06..., userDataDir: C:\\Users\\hanne\\AppData\\Loca...}, goog:chromeOptions: {debuggerAddress: localhost:60121}, networkConnectionEnabled: false, pageLoadStrategy: normal, platformName: WINDOWS, proxy: Proxy(), se:cdp: ws://localhost:60121/devtoo..., se:cdpVersion: 108.0.5359.73, setWindowRect: true, strictFileInteractability: false, timeouts: {implicit: 0, pageLoad: 300000, script: 30000}, unhandledPromptBehavior: dismiss and notify, webauthn:extension:credBlob: true, webauthn:extension:largeBlob: true, webauthn:virtualAuthenticators: true}\nSession ID: 878bdcb965d8c3793f1d4dec4d89c80a\r\n\tat java.base/jdk.internal.reflect.NativeConstructorAccessorImpl.newInstance0(Native Method)\r\n\tat java.base/jdk.internal.reflect.NativeConstructorAccessorImpl.newInstance(NativeConstructorAccessorImpl.java:62)\r\n\tat java.base/jdk.internal.reflect.DelegatingConstructorAccessorImpl.newInstance(DelegatingConstructorAccessorImpl.java:45)\r\n\tat java.base/java.lang.reflect.Constructor.newInstance(Constructor.java:490)\r\n\tat org.openqa.selenium.remote.codec.w3c.W3CHttpResponseCodec.createException(W3CHttpResponseCodec.java:200)\r\n\tat org.openqa.selenium.remote.codec.w3c.W3CHttpResponseCodec.decode(W3CHttpResponseCodec.java:133)\r\n\tat org.openqa.selenium.remote.codec.w3c.W3CHttpResponseCodec.decode(W3CHttpResponseCodec.java:53)\r\n\tat org.openqa.selenium.remote.HttpCommandExecutor.execute(HttpCommandExecutor.java:184)\r\n\tat org.openqa.selenium.remote.service.DriverCommandExecutor.invokeExecute(DriverCommandExecutor.java:167)\r\n\tat org.openqa.selenium.remote.service.DriverCommandExecutor.execute(DriverCommandExecutor.java:142)\r\n\tat org.openqa.selenium.remote.RemoteWebDriver.execute(RemoteWebDriver.java:547)\r\n\tat org.openqa.selenium.remote.RemoteWebDriver.execute(RemoteWebDriver.java:602)\r\n\tat org.openqa.selenium.remote.RemoteWebDriver.execute(RemoteWebDriver.java:606)\r\n\tat org.openqa.selenium.remote.RemoteWebDriver$RemoteWebDriverOptions$RemoteWindow.maximize(RemoteWebDriver.java:958)\r\n\tat utilities.Driver.getDriver(Driver.java:45)\r\n\tat pages.QualityDemyPage.<init>(QualityDemyPage.java:11)\r\n\tat stepDefinitions.QualityDemyStepDefinitions.<init>(QualityDemyStepDefinitions.java:14)\r\n\t... 51 more\r\n","duration":127448100,"status":"failed"},"line":12,"name":"Sayfayi kapatir","match":{"location":"stepDefinitions.QualityDemyStepDefinitions.sayfayi_kapatir()"},"keyword":"And "}],"tags":[{"name":"@wip"}]},{"start_timestamp":"2022-12-04T20:32:45.628Z","line":17,"name":"Kullanici negative bilgiler gonderdiginde siteye giris yapilamaz","description":"","id":"us-0106-automation-negative-giris-testi;kullanici-negative-bilgiler-gonderdiginde-siteye-giris-yapilamaz;;4","type":"scenario","keyword":"Scenario Outline","steps":[{"result":{"duration":3811433100,"status":"passed"},"line":6,"name":"Kullanici \"myAutomationUrl\" sayfasina gider","match":{"arguments":[{"val":"\"myAutomationUrl\"","offset":10}],"location":"stepDefinitions.AutomationExerciseStepDefinitions.kullanici_sayfasina_gider(java.lang.String)"},"keyword":"Given "},{"result":{"duration":1141691500,"status":"passed"},"line":7,"name":"Kullanici Signup butonuna tiklar","match":{"location":"stepDefinitions.AutomationExerciseStepDefinitions.kullanici_signup_butonuna_tiklar()"},"keyword":"Then "},{"result":{"duration":118321400,"status":"passed"},"line":8,"name":"Kullanici mail kutusuna \"automationnegativeMail2\" girer","match":{"arguments":[{"val":"\"automationnegativeMail2\"","offset":24}],"location":"stepDefinitions.AutomationExerciseStepDefinitions.kullanici_mail_kutusuna_girer(java.lang.String)"},"keyword":"Then "},{"result":{"duration":42745000,"status":"passed"},"line":9,"name":"Kullanici password kutusuna \"automationPassword2\" girer","match":{"arguments":[{"val":"\"automationPassword2\"","offset":28}],"location":"stepDefinitions.AutomationExerciseStepDefinitions.kullanici_password_kutusuna_girer(java.lang.String)"},"keyword":"Then "},{"result":{"duration":618251900,"status":"passed"},"line":10,"name":"Kullanici login butonuna tiklar","match":{"location":"stepDefinitions.AutomationExerciseStepDefinitions.kullanici_login_butonuna_tiklar()"},"keyword":"Then "},{"result":{"duration":16040951500,"status":"passed"},"line":11,"name":"Kullanici sayfaya giris yapilamadigini test eder","match":{"location":"stepDefinitions.AutomationExerciseStepDefinitions.kullaniciSayfayaGirisYapilamadiginiTestEder()"},"keyword":"Then "},{"result":{"error_message":"io.cucumber.core.exception.CucumberException: Failed to instantiate class stepDefinitions.QualityDemyStepDefinitions\r\n\tat io.cucumber.core.backend.DefaultObjectFactory.cacheNewInstance(DefaultObjectFactory.java:67)\r\n\tat io.cucumber.core.backend.DefaultObjectFactory.getInstance(DefaultObjectFactory.java:45)\r\n\tat io.cucumber.java.AbstractGlueDefinition.invokeMethod(AbstractGlueDefinition.java:47)\r\n\tat io.cucumber.java.JavaStepDefinition.execute(JavaStepDefinition.java:29)\r\n\tat io.cucumber.core.runner.CoreStepDefinition.execute(CoreStepDefinition.java:66)\r\n\tat io.cucumber.core.runner.PickleStepDefinitionMatch.runStep(PickleStepDefinitionMatch.java:63)\r\n\tat io.cucumber.core.runner.ExecutionMode$1.execute(ExecutionMode.java:10)\r\n\tat io.cucumber.core.runner.TestStep.executeStep(TestStep.java:85)\r\n\tat io.cucumber.core.runner.TestStep.run(TestStep.java:57)\r\n\tat io.cucumber.core.runner.PickleStepTestStep.run(PickleStepTestStep.java:51)\r\n\tat io.cucumber.core.runner.TestCase.run(TestCase.java:84)\r\n\tat io.cucumber.core.runner.Runner.runPickle(Runner.java:75)\r\n\tat io.cucumber.junit.PickleRunners$NoStepDescriptions.lambda$run$0(PickleRunners.java:151)\r\n\tat io.cucumber.core.runtime.CucumberExecutionContext.lambda$runTestCase$5(CucumberExecutionContext.java:129)\r\n\tat io.cucumber.core.runtime.RethrowingThrowableCollector.executeAndThrow(RethrowingThrowableCollector.java:23)\r\n\tat io.cucumber.core.runtime.CucumberExecutionContext.runTestCase(CucumberExecutionContext.java:129)\r\n\tat io.cucumber.junit.PickleRunners$NoStepDescriptions.run(PickleRunners.java:148)\r\n\tat io.cucumber.junit.FeatureRunner.runChild(FeatureRunner.java:144)\r\n\tat io.cucumber.junit.FeatureRunner.runChild(FeatureRunner.java:28)\r\n\tat org.junit.runners.ParentRunner$4.run(ParentRunner.java:331)\r\n\tat org.junit.runners.ParentRunner$1.schedule(ParentRunner.java:79)\r\n\tat org.junit.runners.ParentRunner.runChildren(ParentRunner.java:329)\r\n\tat org.junit.runners.ParentRunner.access$100(ParentRunner.java:66)\r\n\tat org.junit.runners.ParentRunner$2.evaluate(ParentRunner.java:293)\r\n\tat org.junit.runners.ParentRunner$3.evaluate(ParentRunner.java:306)\r\n\tat org.junit.runners.ParentRunner.run(ParentRunner.java:413)\r\n\tat io.cucumber.junit.FeatureRunner.run(FeatureRunner.java:137)\r\n\tat io.cucumber.junit.Cucumber.runChild(Cucumber.java:196)\r\n\tat io.cucumber.junit.Cucumber.runChild(Cucumber.java:89)\r\n\tat org.junit.runners.ParentRunner$4.run(ParentRunner.java:331)\r\n\tat org.junit.runners.ParentRunner$1.schedule(ParentRunner.java:79)\r\n\tat org.junit.runners.ParentRunner.runChildren(ParentRunner.java:329)\r\n\tat org.junit.runners.ParentRunner.access$100(ParentRunner.java:66)\r\n\tat org.junit.runners.ParentRunner$2.evaluate(ParentRunner.java:293)\r\n\tat io.cucumber.junit.Cucumber$RunBeforeAllHooks.evaluate(Cucumber.java:266)\r\n\tat io.cucumber.junit.Cucumber$RunAfterAllHooks.evaluate(Cucumber.java:281)\r\n\tat io.cucumber.junit.Cucumber$StartTestRun.evaluate(Cucumber.java:233)\r\n\tat io.cucumber.junit.Cucumber$FinishTestRun.evaluate(Cucumber.java:248)\r\n\tat org.junit.runners.ParentRunner$3.evaluate(ParentRunner.java:306)\r\n\tat org.junit.runners.ParentRunner.run(ParentRunner.java:413)\r\n\tat org.junit.runner.JUnitCore.run(JUnitCore.java:137)\r\n\tat com.intellij.junit4.JUnit4IdeaTestRunner.startRunnerWithArgs(JUnit4IdeaTestRunner.java:69)\r\n\tat com.intellij.rt.junit.IdeaTestRunner$Repeater$1.execute(IdeaTestRunner.java:38)\r\n\tat com.intellij.rt.execution.junit.TestsRepeater.repeat(TestsRepeater.java:11)\r\n\tat com.intellij.rt.junit.IdeaTestRunner$Repeater.startRunnerWithArgs(IdeaTestRunner.java:35)\r\n\tat com.intellij.rt.junit.JUnitStarter.prepareStreamsAndStart(JUnitStarter.java:235)\r\n\tat com.intellij.rt.junit.JUnitStarter.main(JUnitStarter.java:54)\r\nCaused by: java.lang.reflect.InvocationTargetException\r\n\tat java.base/jdk.internal.reflect.NativeConstructorAccessorImpl.newInstance0(Native Method)\r\n\tat java.base/jdk.internal.reflect.NativeConstructorAccessorImpl.newInstance(NativeConstructorAccessorImpl.java:62)\r\n\tat java.base/jdk.internal.reflect.DelegatingConstructorAccessorImpl.newInstance(DelegatingConstructorAccessorImpl.java:45)\r\n\tat java.base/java.lang.reflect.Constructor.newInstance(Constructor.java:490)\r\n\tat io.cucumber.core.backend.DefaultObjectFactory.cacheNewInstance(DefaultObjectFactory.java:53)\r\n\t... 46 more\r\nCaused by: org.openqa.selenium.WebDriverException: unknown error: failed to change window state to 'normal', current state is 'maximized'\n  (Session info: chrome=108.0.5359.73)\nBuild info: version: '4.5.0', revision: 'fe167b119a'\nSystem info: os.name: 'Windows 11', os.arch: 'amd64', os.version: '10.0', java.version: '11.0.17'\nDriver info: org.openqa.selenium.chrome.ChromeDriver\nCommand: [878bdcb965d8c3793f1d4dec4d89c80a, maximizeCurrentWindow {}]\nCapabilities {acceptInsecureCerts: false, browserName: chrome, browserVersion: 108.0.5359.73, chrome: {chromedriverVersion: 108.0.5359.71 (1e0e3868ee06..., userDataDir: C:\\Users\\hanne\\AppData\\Loca...}, goog:chromeOptions: {debuggerAddress: localhost:60121}, networkConnectionEnabled: false, pageLoadStrategy: normal, platformName: WINDOWS, proxy: Proxy(), se:cdp: ws://localhost:60121/devtoo..., se:cdpVersion: 108.0.5359.73, setWindowRect: true, strictFileInteractability: false, timeouts: {implicit: 0, pageLoad: 300000, script: 30000}, unhandledPromptBehavior: dismiss and notify, webauthn:extension:credBlob: true, webauthn:extension:largeBlob: true, webauthn:virtualAuthenticators: true}\nSession ID: 878bdcb965d8c3793f1d4dec4d89c80a\r\n\tat java.base/jdk.internal.reflect.NativeConstructorAccessorImpl.newInstance0(Native Method)\r\n\tat java.base/jdk.internal.reflect.NativeConstructorAccessorImpl.newInstance(NativeConstructorAccessorImpl.java:62)\r\n\tat java.base/jdk.internal.reflect.DelegatingConstructorAccessorImpl.newInstance(DelegatingConstructorAccessorImpl.java:45)\r\n\tat java.base/java.lang.reflect.Constructor.newInstance(Constructor.java:490)\r\n\tat org.openqa.selenium.remote.codec.w3c.W3CHttpResponseCodec.createException(W3CHttpResponseCodec.java:200)\r\n\tat org.openqa.selenium.remote.codec.w3c.W3CHttpResponseCodec.decode(W3CHttpResponseCodec.java:133)\r\n\tat org.openqa.selenium.remote.codec.w3c.W3CHttpResponseCodec.decode(W3CHttpResponseCodec.java:53)\r\n\tat org.openqa.selenium.remote.HttpCommandExecutor.execute(HttpCommandExecutor.java:184)\r\n\tat org.openqa.selenium.remote.service.DriverCommandExecutor.invokeExecute(DriverCommandExecutor.java:167)\r\n\tat org.openqa.selenium.remote.service.DriverCommandExecutor.execute(DriverCommandExecutor.java:142)\r\n\tat org.openqa.selenium.remote.RemoteWebDriver.execute(RemoteWebDriver.java:547)\r\n\tat org.openqa.selenium.remote.RemoteWebDriver.execute(RemoteWebDriver.java:602)\r\n\tat org.openqa.selenium.remote.RemoteWebDriver.execute(RemoteWebDriver.java:606)\r\n\tat org.openqa.selenium.remote.RemoteWebDriver$RemoteWebDriverOptions$RemoteWindow.maximize(RemoteWebDriver.java:958)\r\n\tat utilities.Driver.getDriver(Driver.java:45)\r\n\tat pages.QualityDemyPage.<init>(QualityDemyPage.java:11)\r\n\tat stepDefinitions.QualityDemyStepDefinitions.<init>(QualityDemyStepDefinitions.java:14)\r\n\t... 51 more\r\n","duration":154575100,"status":"failed"},"line":12,"name":"Sayfayi kapatir","match":{"location":"stepDefinitions.QualityDemyStepDefinitions.sayfayi_kapatir()"},"keyword":"And "}],"tags":[{"name":"@wip"}]},{"start_timestamp":"2022-12-04T20:33:07.564Z","line":18,"name":"Kullanici negative bilgiler gonderdiginde siteye giris yapilamaz","description":"","id":"us-0106-automation-negative-giris-testi;kullanici-negative-bilgiler-gonderdiginde-siteye-giris-yapilamaz;;5","type":"scenario","keyword":"Scenario Outline","steps":[{"result":{"duration":3362582400,"status":"passed"},"line":6,"name":"Kullanici \"myAutomationUrl\" sayfasina gider","match":{"arguments":[{"val":"\"myAutomationUrl\"","offset":10}],"location":"stepDefinitions.AutomationExerciseStepDefinitions.kullanici_sayfasina_gider(java.lang.String)"},"keyword":"Given "},{"result":{"duration":502023200,"status":"passed"},"line":7,"name":"Kullanici Signup butonuna tiklar","match":{"location":"stepDefinitions.AutomationExerciseStepDefinitions.kullanici_signup_butonuna_tiklar()"},"keyword":"Then "},{"result":{"duration":155795400,"status":"passed"},"line":8,"name":"Kullanici mail kutusuna \"automationnegativeMail3\" girer","match":{"arguments":[{"val":"\"automationnegativeMail3\"","offset":24}],"location":"stepDefinitions.AutomationExerciseStepDefinitions.kullanici_mail_kutusuna_girer(java.lang.String)"},"keyword":"Then "},{"result":{"duration":44836100,"status":"passed"},"line":9,"name":"Kullanici password kutusuna \"automationPassword3\" girer","match":{"arguments":[{"val":"\"automationPassword3\"","offset":28}],"location":"stepDefinitions.AutomationExerciseStepDefinitions.kullanici_password_kutusuna_girer(java.lang.String)"},"keyword":"Then "},{"result":{"duration":913758900,"status":"passed"},"line":10,"name":"Kullanici login butonuna tiklar","match":{"location":"stepDefinitions.AutomationExerciseStepDefinitions.kullanici_login_butonuna_tiklar()"},"keyword":"Then "},{"result":{"duration":16012964800,"status":"passed"},"line":11,"name":"Kullanici sayfaya giris yapilamadigini test eder","match":{"location":"stepDefinitions.AutomationExerciseStepDefinitions.kullaniciSayfayaGirisYapilamadiginiTestEder()"},"keyword":"Then "},{"result":{"duration":56591900,"status":"passed"},"line":12,"name":"Sayfayi kapatir","match":{"location":"stepDefinitions.QualityDemyStepDefinitions.sayfayi_kapatir()"},"keyword":"And "}],"tags":[{"name":"@wip"}]}],"name":"US 0106 Automation Negative Giris Testi","description":"","id":"us-0106-automation-negative-giris-testi","keyword":"Feature","uri":"file:src/test/resources/features/US0106_AutomationNegativeGirisTest.feature","tags":[{"name":"@wip","type":"Tag","location":{"line":1,"column":1}}]}]